<?xml version="1.0" encoding="UTF-8"?>
<!-- Generated by org.testng.reporters.JUnitReportReporter -->
<testsuite skipped="0" hostname="DESKTOP-QJ6TVTA" name="LoginPageTest" tests="3" failures="0" timestamp="21 Dec 2020 09:44:27 GMT" time="2.645" errors="0">
  <testcase name="verifyLoginPageTitleTest" time="0.016" classname="LoginPageTest"/>
  <testcase name="verifyLoginPageHeaderTest" time="0.086" classname="LoginPageTest"/>
  <testcase name="verifyLogin" time="2.543" classname="LoginPageTest"/>
</testsuite> <!-- LoginPageTest -->
