<?xml version="1.0" encoding="UTF-8"?>
<!-- Generated by org.testng.reporters.JUnitReportReporter -->
<testsuite skipped="0" hostname="DESKTOP-QJ6TVTA" name="com.qa.automationPractice.tests.HomePageTest" tests="3" failures="0" timestamp="13 Feb 2021 18:30:48 GMT" time="0.244" errors="0">
  <testcase name="verifyHomePageTitle" time="0.014" classname="com.qa.automationPractice.tests.HomePageTest"/>
  <testcase name="verifyHomePageHeader" time="0.128" classname="com.qa.automationPractice.tests.HomePageTest"/>
  <testcase name="verifyUserLoggedin" time="0.102" classname="com.qa.automationPractice.tests.HomePageTest"/>
</testsuite> <!-- com.qa.automationPractice.tests.HomePageTest -->
