<?xml version="1.0" encoding="UTF-8"?>
<!-- Generated by org.testng.reporters.JUnitReportReporter -->
<testsuite skipped="0" hostname="DESKTOP-QJ6TVTA" name="com.qa.automationPractice.tests.LoginPageTest" tests="4" failures="0" timestamp="14 Feb 2021 12:15:20 GMT" time="30.107" errors="0">
  <testcase name="verifyInvalidLogin" time="7.060" classname="com.qa.automationPractice.tests.LoginPageTest"/>
  <testcase name="verifyInvalidLogin" time="7.002" classname="com.qa.automationPractice.tests.LoginPageTest"/>
  <testcase name="verifyInvalidLogin" time="8.059" classname="com.qa.automationPractice.tests.LoginPageTest"/>
  <testcase name="verifyInvalidLogin" time="7.986" classname="com.qa.automationPractice.tests.LoginPageTest"/>
</testsuite> <!-- com.qa.automationPractice.tests.LoginPageTest -->
