<?xml version="1.0" encoding="UTF-8"?>
<!-- Generated by org.testng.reporters.JUnitReportReporter -->
<testsuite skipped="0" hostname="DESKTOP-QJ6TVTA" name="HomePageTest" tests="3" failures="0" timestamp="21 Dec 2020 09:45:40 GMT" time="0.238" errors="0">
  <testcase name="verifyHomePageTitle" time="0.016" classname="HomePageTest"/>
  <testcase name="verifyHomePageHeader" time="0.113" classname="HomePageTest"/>
  <testcase name="verifyUserLoggedin" time="0.109" classname="HomePageTest"/>
</testsuite> <!-- HomePageTest -->
