<?xml version="1.0" encoding="UTF-8"?>
<!-- Generated by org.testng.reporters.JUnitReportReporter -->
<testsuite hostname="DESKTOP-QJ6TVTA" failures="0" tests="7" name="com.qa.automationPractice.tests.LoginPageTest" time="42.345" errors="0" timestamp="14 Feb 2021 12:29:57 GMT" skipped="0">
  <testcase classname="com.qa.automationPractice.tests.LoginPageTest" name="verifyLoginPageTitleTest" time="0.036"/>
  <testcase classname="com.qa.automationPractice.tests.LoginPageTest" name="verifyLoginPageHeaderTest" time="0.061"/>
  <testcase classname="com.qa.automationPractice.tests.LoginPageTest" name="verifyInvalidLogin" time="6.513"/>
  <testcase classname="com.qa.automationPractice.tests.LoginPageTest" name="verifyInvalidLogin" time="8.509"/>
  <testcase classname="com.qa.automationPractice.tests.LoginPageTest" name="verifyInvalidLogin" time="8.091"/>
  <testcase classname="com.qa.automationPractice.tests.LoginPageTest" name="verifyInvalidLogin" time="7.890"/>
  <testcase classname="com.qa.automationPractice.tests.LoginPageTest" name="verifyLogin" time="11.245"/>
</testsuite> <!-- com.qa.automationPractice.tests.LoginPageTest -->
