<?xml version="1.0" encoding="UTF-8"?>
<!-- Generated by org.testng.reporters.JUnitReportReporter -->
<testsuite hostname="DESKTOP-QJ6TVTA" failures="0" tests="3" name="com.qa.automationPractice.tests.HomePageTest" time="0.383" errors="0" timestamp="14 Feb 2021 12:29:57 GMT" skipped="0">
  <testcase classname="com.qa.automationPractice.tests.HomePageTest" name="verifyHomePageTitle" time="0.056"/>
  <testcase classname="com.qa.automationPractice.tests.HomePageTest" name="verifyHomePageHeader" time="0.216"/>
  <testcase classname="com.qa.automationPractice.tests.HomePageTest" name="verifyUserLoggedin" time="0.111"/>
</testsuite> <!-- com.qa.automationPractice.tests.HomePageTest -->
